build/outputs/logs/manifest-merger-debug-report.txt
-- Merging decision tree log ---
manifest
ADDED from src\main\AndroidManifest.xml:2:1-29:12
INJECTED from src\main\AndroidManifest.xml:2:1-29:12
INJECTED from src\main\AndroidManifest.xml:2:1-29:12
INJECTED from src\main\AndroidManifest.xml:2:1-29:12
MERGED from [:AgoraAudioKit.plugin] AndroidManifest.xml:2:1-20:12
INJECTED from src\main\AndroidManifest.xml:2:1-29:12
INJECTED from src\main\AndroidManifest.xml:2:1-29:12
INJECTED from src\main\AndroidManifest.xml:2:1-29:12
	package
		ADDED from src\main\AndroidManifest.xml:2:70-95
		INJECTED from src\main\AndroidManifest.xml
		INJECTED from src\main\AndroidManifest.xml
	android:versionName
		ADDED from src\main\AndroidManifest.xml:2:143-168
		INJECTED from src\main\AndroidManifest.xml
		INJECTED from src\main\AndroidManifest.xml
	xmlns:tools
		ADDED from src\main\AndroidManifest.xml:2:96-142
	xmlns:android
		ADDED from src\main\AndroidManifest.xml:2:11-69
	android:versionCode
		ADDED from src\main\AndroidManifest.xml:2:169-192
		INJECTED from src\main\AndroidManifest.xml
		INJECTED from src\main\AndroidManifest.xml
	android:installLocation
		ADDED from src\main\AndroidManifest.xml:2:193-233
supports-screens
ADDED from src\main\AndroidManifest.xml:3:3-163
	android:largeScreens
		ADDED from src\main\AndroidManifest.xml:3:78-105
	android:smallScreens
		ADDED from src\main\AndroidManifest.xml:3:21-48
	android:normalScreens
		ADDED from src\main\AndroidManifest.xml:3:49-77
	android:xlargeScreens
		ADDED from src\main\AndroidManifest.xml:3:106-134
	android:anyDensity
		ADDED from src\main\AndroidManifest.xml:3:135-160
application
ADDED from src\main\AndroidManifest.xml:4:3-17:17
	android:label
		ADDED from src\main\AndroidManifest.xml:4:92-124
	android:icon
		ADDED from src\main\AndroidManifest.xml:4:58-91
	android:theme
		ADDED from src\main\AndroidManifest.xml:4:16-57
	android:isGame
		ADDED from src\main\AndroidManifest.xml:4:125-147
activity#com.AR.Teaching.UnityPlayerActivity
ADDED from src\main\AndroidManifest.xml:5:5-12:16
	android:screenOrientation
		ADDED from src\main\AndroidManifest.xml:5:48-85
	android:label
		ADDED from src\main\AndroidManifest.xml:5:15-47
	android:launchMode
		ADDED from src\main\AndroidManifest.xml:5:86-117
	android:hardwareAccelerated
		ADDED from src\main\AndroidManifest.xml:5:300-335
	android:configChanges
		ADDED from src\main\AndroidManifest.xml:5:118-299
	android:name
		ADDED from src\main\AndroidManifest.xml:5:336-386
intent-filter#android.intent.action.MAIN+android.intent.category.LAUNCHER+android.intent.category.LEANBACK_LAUNCHER
ADDED from src\main\AndroidManifest.xml:6:7-10:23
action#android.intent.action.MAIN
ADDED from src\main\AndroidManifest.xml:7:9-61
	android:name
		ADDED from src\main\AndroidManifest.xml:7:17-58
category#android.intent.category.LAUNCHER
ADDED from src\main\AndroidManifest.xml:8:9-69
	android:name
		ADDED from src\main\AndroidManifest.xml:8:19-66
category#android.intent.category.LEANBACK_LAUNCHER
ADDED from src\main\AndroidManifest.xml:9:9-78
	android:name
		ADDED from src\main\AndroidManifest.xml:9:19-75
meta-data#unityplayer.UnityActivity
ADDED from src\main\AndroidManifest.xml:11:7-82
	android:value
		ADDED from src\main\AndroidManifest.xml:11:59-79
	android:name
		ADDED from src\main\AndroidManifest.xml:11:18-58
meta-data#unity.build-id
ADDED from src\main\AndroidManifest.xml:13:5-101
	android:value
		ADDED from src\main\AndroidManifest.xml:13:46-98
	android:name
		ADDED from src\main\AndroidManifest.xml:13:16-45
meta-data#unity.splash-mode
ADDED from src\main\AndroidManifest.xml:14:5-69
	android:value
		ADDED from src\main\AndroidManifest.xml:14:49-66
	android:name
		ADDED from src\main\AndroidManifest.xml:14:16-48
meta-data#unity.splash-enable
ADDED from src\main\AndroidManifest.xml:15:5-74
	android:value
		ADDED from src\main\AndroidManifest.xml:15:51-71
	android:name
		ADDED from src\main\AndroidManifest.xml:15:16-50
meta-data#android.max_aspect
ADDED from src\main\AndroidManifest.xml:16:5-72
	android:value
		ADDED from src\main\AndroidManifest.xml:16:50-69
	android:name
		ADDED from src\main\AndroidManifest.xml:16:16-49
uses-sdk
ADDED from src\main\AndroidManifest.xml:18:3-72
INJECTED from src\main\AndroidManifest.xml:18:3-72
MERGED from [:AgoraAudioKit.plugin] AndroidManifest.xml:7:5-47
MERGED from [:AgoraAudioKit.plugin] AndroidManifest.xml:7:5-47
INJECTED from src\main\AndroidManifest.xml:18:3-72
	android:targetSdkVersion
		ADDED from src\main\AndroidManifest.xml:18:40-69
		INJECTED from src\main\AndroidManifest.xml
		INJECTED from src\main\AndroidManifest.xml
	android:minSdkVersion
		ADDED from src\main\AndroidManifest.xml:18:13-39
		MERGED from src\main\AndroidManifest.xml:18:13-39
uses-feature#0x00020000
ADDED from src\main\AndroidManifest.xml:19:3-52
	android:glEsVersion
		ADDED from src\main\AndroidManifest.xml:19:17-49
uses-permission#android.permission.INTERNET
ADDED from src\main\AndroidManifest.xml:20:3-65
MERGED from [:AgoraAudioKit.plugin] AndroidManifest.xml:9:5-67
MERGED from [:AgoraAudioKit.plugin] AndroidManifest.xml:9:5-67
	android:name
		ADDED from src\main\AndroidManifest.xml:20:20-62
uses-permission#android.permission.CAMERA
ADDED from src\main\AndroidManifest.xml:21:3-63
	android:name
		ADDED from src\main\AndroidManifest.xml:21:20-60
uses-feature#android.hardware.camera
ADDED from src\main\AndroidManifest.xml:22:3-83
	android:required
		ADDED from src\main\AndroidManifest.xml:22:56-80
	android:name
		ADDED from src\main\AndroidManifest.xml:22:17-55
uses-feature#android.hardware.camera.autofocus
ADDED from src\main\AndroidManifest.xml:23:3-93
	android:required
		ADDED from src\main\AndroidManifest.xml:23:66-90
	android:name
		ADDED from src\main\AndroidManifest.xml:23:17-65
uses-feature#android.hardware.camera.front
ADDED from src\main\AndroidManifest.xml:24:3-89
	android:required
		ADDED from src\main\AndroidManifest.xml:24:62-86
	android:name
		ADDED from src\main\AndroidManifest.xml:24:17-61
uses-permission#android.permission.WRITE_EXTERNAL_STORAGE
ADDED from src\main\AndroidManifest.xml:25:3-79
MERGED from [:AgoraAudioKit.plugin] AndroidManifest.xml:16:5-81
MERGED from [:AgoraAudioKit.plugin] AndroidManifest.xml:16:5-81
	android:name
		ADDED from src\main\AndroidManifest.xml:25:20-76
uses-feature#android.hardware.touchscreen
ADDED from src\main\AndroidManifest.xml:26:3-88
	android:required
		ADDED from src\main\AndroidManifest.xml:26:61-85
	android:name
		ADDED from src\main\AndroidManifest.xml:26:17-60
uses-feature#android.hardware.touchscreen.multitouch
ADDED from src\main\AndroidManifest.xml:27:3-99
	android:required
		ADDED from src\main\AndroidManifest.xml:27:72-96
	android:name
		ADDED from src\main\AndroidManifest.xml:27:17-71
uses-feature#android.hardware.touchscreen.multitouch.distinct
ADDED from src\main\AndroidManifest.xml:28:3-108
	android:required
		ADDED from src\main\AndroidManifest.xml:28:81-105
	android:name
		ADDED from src\main\AndroidManifest.xml:28:17-80
uses-permission#android.permission.RECORD_AUDIO
ADDED from [:AgoraAudioKit.plugin] AndroidManifest.xml:10:5-71
	android:name
		ADDED from [:AgoraAudioKit.plugin] AndroidManifest.xml:10:22-68
uses-permission#android.permission.BLUETOOTH
ADDED from [:AgoraAudioKit.plugin] AndroidManifest.xml:11:5-68
	android:name
		ADDED from [:AgoraAudioKit.plugin] AndroidManifest.xml:11:22-65
uses-permission#android.permission.MODIFY_AUDIO_SETTINGS
ADDED from [:AgoraAudioKit.plugin] AndroidManifest.xml:12:5-80
	android:name
		ADDED from [:AgoraAudioKit.plugin] AndroidManifest.xml:12:22-77
uses-permission#android.permission.ACCESS_NETWORK_STATE
ADDED from [:AgoraAudioKit.plugin] AndroidManifest.xml:13:5-79
	android:name
		ADDED from [:AgoraAudioKit.plugin] AndroidManifest.xml:13:22-76
uses-permission#android.permission.ACCESS_WIFI_STATE
ADDED from [:AgoraAudioKit.plugin] AndroidManifest.xml:14:5-76
	android:name
		ADDED from [:AgoraAudioKit.plugin] AndroidManifest.xml:14:22-73
uses-permission#android.permission.WAKE_LOCK
ADDED from [:AgoraAudioKit.plugin] AndroidManifest.xml:15:5-68
	android:name
		ADDED from [:AgoraAudioKit.plugin] AndroidManifest.xml:15:22-65
uses-permission#android.permission.READ_PHONE_STATE
ADDED from [:AgoraAudioKit.plugin] AndroidManifest.xml:17:5-75
	android:name
		ADDED from [:AgoraAudioKit.plugin] AndroidManifest.xml:17:22-72
uses-permission#android.permission.READ_LOGS
ADDED from [:AgoraAudioKit.plugin] AndroidManifest.xml:18:5-68
	android:name
		ADDED from [:AgoraAudioKit.plugin] AndroidManifest.xml:18:22-65
uses-permission#android.permission.READ_EXTERNAL_STORAGE
IMPLIED from src\main\AndroidManifest.xml:2:1-29:12 reason: io.agora.gaming.unity3d.wrapper requested WRITE_EXTERNAL_STORAGE